#
# A fatal error has been detected by the Java Runtime Environment:
#
#  EXCEPTION_ACCESS_VIOLATION (0xc0000005) at pc=0x0000000072998ad5, pid=8400, tid=12120
#
# JRE version: Java(TM) SE Runtime Environment (8.0_73-b02) (build 1.8.0_73-b02)
# Java VM: Java HotSpot(TM) 64-Bit Server VM (25.73-b02 mixed mode windows-amd64 compressed oops)
# Problematic frame:
# V  [jvm.dll+0x128ad5]
#
# Failed to write core dump. Minidumps are not enabled by default on client versions of Windows
#
# If you would like to submit a bug report, please visit:
#   http://bugreport.java.com/bugreport/crash.jsp
#

---------------  T H R E A D  ---------------

Current thread (0x000000005410b800):  JavaThread "JDWP Transport Listener: dt_socket" daemon [_thread_in_vm, id=12120, stack(0x0000000058ba0000,0x00000000595a0000)]

siginfo: ExceptionCode=0xc0000005, reading address 0xffffffffffffffff

Registers:
RAX=0x000000005959f801, RBX=0x000000005410b800, RCX=0x6d656c4564657400, RDX=0x0000000000000000
RSP=0x000000005959f8a0, RBP=0x6d656c4564657400, RSI=0x000000005959f9b8, RDI=0x00000000022d9c60
R8 =0x000000005410b800, R9 =0x0000000073074db8, R10=0x0000000000000001, R11=0x6c70cd040cd700a1
R12=0x0000000000000000, R13=0x000000005410fc68, R14=0x0000000000000000, R15=0x0000000000000000
RIP=0x0000000072998ad5, EFLAGS=0x0000000000010206

Top of Stack: (sp=0x000000005959f8a0)
0x000000005959f8a0:   000000005410b800 000000005410b800
0x000000005959f8b0:   000000005959f968 0000000072b9e34b
0x000000005959f8c0:   000000005410b800 0000000072bbabad
0x000000005959f8d0:   000000005c3e7e70 000000005ba59155
0x000000005959f8e0:   00000000678dcb48 000000005ba6291e
0x000000005959f8f0:   000000005410b800 0000000000000000
0x000000005959f900:   0000000000000000 0000000000000000
0x000000005959f910:   6d656c4564657400 000000005ba61a15
0x000000005959f920:   000000005959f9b8 000000005959f990
0x000000005959f930:   0000000000000001 00000000678dcb48
0x000000005959f940:   6d656c4564657400 000000005ba453b3
0x000000005959f950:   000000005959fa80 0000000000000001
0x000000005959f960:   0000000000000001 00000000678dcb48
0x000000005959f970:   0000000000000001 0000000000000000
0x000000005959f980:   0000000000000000 0000000000000000
0x000000005959f990:   0000000000000001 000000005ba45571 

Instructions: (pc=0x0000000072998ad5)
0x0000000072998ab5:   cc cc cc cc cc cc cc cc cc cc cc 48 83 ec 28 48
0x0000000072998ac5:   85 c9 75 07 33 c0 48 83 c4 28 c3 48 89 5c 24 20
0x0000000072998ad5:   48 8b 19 48 85 db 74 20 48 83 fb 37 74 1a 48 8b
0x0000000072998ae5:   13 48 8b cb ff 52 10 84 c0 74 0d 48 8b c3 48 8b 


Register to memory mapping:

RAX=0x000000005959f801 is pointing into the stack for thread: 0x000000005410b800
RBX=0x000000005410b800 is a thread
RCX=0x6d656c4564657400 is an unknown value
RDX=0x0000000000000000 is an unknown value
RSP=0x000000005959f8a0 is pointing into the stack for thread: 0x000000005410b800
RBP=0x6d656c4564657400 is an unknown value
RSI=0x000000005959f9b8 is pointing into the stack for thread: 0x000000005410b800
RDI=0x00000000022d9c60 is an unknown value
R8 =0x000000005410b800 is a thread
R9 =0x0000000073074db8 is an unknown value
R10=0x0000000000000001 is an unknown value
R11=0x6c70cd040cd700a1 is an unknown value
R12=0x0000000000000000 is an unknown value
R13=0x000000005410fc68 is an unknown value
R14=0x0000000000000000 is an unknown value
R15=0x0000000000000000 is an unknown value


Stack: [0x0000000058ba0000,0x00000000595a0000],  sp=0x000000005959f8a0,  free space=10238k
Native frames: (J=compiled Java code, j=interpreted, Vv=VM code, C=native code)
V  [jvm.dll+0x128ad5]
V  [jvm.dll+0x34abad]
C  [jdwp.dll+0x21a15]
C  [jdwp.dll+0x53b3]
C  [jdwp.dll+0x5571]
C  [jdwp.dll+0xf0a8]
C  [jdwp.dll+0x1f2d5]
C  [jdwp.dll+0x1f4aa]
V  [jvm.dll+0x1bbb58]
V  [jvm.dll+0x243234]
V  [jvm.dll+0x29a10a]
C  [msvcr100.dll+0x21d9f]
C  [msvcr100.dll+0x21e3b]
C  [kernel32.dll+0x159ed]
C  [ntdll.dll+0x2b371]


---------------  P R O C E S S  ---------------

Java Threads: ( => current thread )
  0x00000000682f7800 JavaThread "Thread-7" [_thread_blocked, id=9896, stack(0x0000000077da0000,0x00000000787a0000)]
  0x00000000682f6000 JavaThread "AWT-EventQueue-0-SharedResourceRunner" daemon [_thread_blocked, id=1568, stack(0x00000000741a0000,0x0000000074ba0000)]
  0x00000000682f5800 JavaThread "D3D Screen Updater" daemon [_thread_blocked, id=11516, stack(0x0000000071940000,0x0000000072340000)]
  0x00000000021ba000 JavaThread "DestroyJavaVM" [_thread_blocked, id=2524, stack(0x0000000002550000,0x0000000002f50000)]
  0x0000000069d59000 JavaThread "TimerQueue" daemon [_thread_blocked, id=9944, stack(0x000000006d230000,0x000000006dc30000)]
  0x00000000678b6800 JavaThread "AWT-EventQueue-0" [_thread_blocked, id=9888, stack(0x000000006b270000,0x000000006bc70000)]
  0x000000005c3dc000 JavaThread "AWT-Windows" daemon [_thread_in_native, id=4200, stack(0x000000005ec50000,0x000000005f650000)]
  0x000000005c666000 JavaThread "AWT-Shutdown" [_thread_blocked, id=3696, stack(0x000000005e0b0000,0x000000005eab0000)]
  0x000000005c665000 JavaThread "Java2D Disposer" daemon [_thread_blocked, id=11460, stack(0x000000005d510000,0x000000005df10000)]
  0x0000000056917000 JavaThread "Service Thread" daemon [_thread_blocked, id=8256, stack(0x000000005ac20000,0x000000005b620000)]
  0x000000005689f000 JavaThread "C1 CompilerThread2" daemon [_thread_blocked, id=4336, stack(0x0000000058430000,0x0000000058530000)]
  0x000000005689a000 JavaThread "C2 CompilerThread1" daemon [_thread_blocked, id=10244, stack(0x0000000057740000,0x0000000057840000)]
  0x0000000056891800 JavaThread "C2 CompilerThread0" daemon [_thread_blocked, id=1820, stack(0x0000000058620000,0x0000000058720000)]
  0x0000000056884800 JavaThread "JDWP Command Reader" daemon [_thread_in_native, id=11784, stack(0x000000005a0d0000,0x000000005aad0000)]
  0x0000000056883800 JavaThread "JDWP Event Helper Thread" daemon [_thread_blocked, id=8356, stack(0x00000000595e0000,0x0000000059fe0000)]
=>0x000000005410b800 JavaThread "JDWP Transport Listener: dt_socket" daemon [_thread_in_vm, id=12120, stack(0x0000000058ba0000,0x00000000595a0000)]
  0x0000000056876800 JavaThread "Attach Listener" daemon [_thread_blocked, id=4692, stack(0x0000000057860000,0x0000000058260000)]
  0x0000000054105000 JavaThread "Signal Dispatcher" daemon [_thread_blocked, id=9592, stack(0x0000000056c90000,0x0000000057690000)]
  0x00000000540aa000 JavaThread "Finalizer" daemon [_thread_blocked, id=5568, stack(0x0000000055e70000,0x0000000056870000)]
  0x00000000540a3000 JavaThread "Reference Handler" daemon [_thread_blocked, id=12196, stack(0x0000000055410000,0x0000000055e10000)]

Other Threads:
  0x000000005409d000 VMThread [stack: 0x0000000055290000,0x0000000055390000] [id=11524]
  0x0000000056934000 WatcherThread [stack: 0x000000005b630000,0x000000005b730000] [id=2316]

VM state:not at safepoint (normal execution)

VM Mutex/Monitor currently owned by a thread: None

Heap:
 PSYoungGen      total 125952K, used 84737K [0x00000000f7b00000, 0x0000000100000000, 0x0000000100000000)
  eden space 115712K, 70% used [0x00000000f7b00000,0x00000000fcac9088,0x00000000fec00000)
  from space 10240K, 29% used [0x00000000fec00000,0x00000000feef7480,0x00000000ff600000)
  to   space 10240K, 0% used [0x00000000ff600000,0x00000000ff600000,0x0000000100000000)
 ParOldGen       total 85504K, used 11946K [0x00000000e7000000, 0x00000000ec380000, 0x00000000f7b00000)
  object space 85504K, 13% used [0x00000000e7000000,0x00000000e7baaa30,0x00000000ec380000)
 Metaspace       used 34743K, capacity 35091K, committed 35328K, reserved 1079296K
  class space    used 4458K, capacity 4543K, committed 4608K, reserved 1048576K

Card table byte_map: [0x0000000001d10000,0x0000000001de0000] byte_map_base: 0x00000000015d8000

Marking Bits: (ParMarkBitMap*) 0x0000000073080600
 Begin Bits: [0x00000000129c0000, 0x0000000013000000)
 End Bits:   [0x0000000013000000, 0x0000000013640000)

Polling page: 0x0000000000120000

CodeCache: size=245760Kb used=10294Kb max_used=10449Kb free=235465Kb
 bounds [0x0000000003220000, 0x0000000003c70000, 0x0000000012220000]
 total_blobs=3816 nmethods=2866 adapters=868
 compilation: enabled

Compilation events (10 events):
Event: 124.177 Thread 0x000000005689f000 3376       1       com.jidesoft.icons.MenuCheckIcon::getIcon (5 bytes)
Event: 124.177 Thread 0x000000005689f000 nmethod 3376 0x0000000003920890 code [0x00000000039209e0, 0x0000000003920af0]
Event: 195.265 Thread 0x000000005689a000 3379       4       java.util.Arrays::copyOf (46 bytes)
Event: 195.268 Thread 0x000000005689a000 nmethod 3379 0x00000000038a5ad0 code [0x00000000038a5c20, 0x00000000038a6098]
Event: 230.066 Thread 0x0000000056891800 3380       4       sun.java2d.StateTrackableDelegate$1::isCurrent (17 bytes)
Event: 230.067 Thread 0x0000000056891800 nmethod 3380 0x00000000038e5a10 code [0x00000000038e5b40, 0x00000000038e5bd8]
Event: 268.193 Thread 0x0000000056891800 3381       4       sun.java2d.d3d.D3DSurfaceData$D3DWindowSurfaceData::isDirty (18 bytes)
Event: 268.194 Thread 0x0000000056891800 nmethod 3381 0x0000000003963890 code [0x00000000039639e0, 0x0000000003963ad8]
Event: 349.597 Thread 0x000000005689a000 3382       4       java.util.ArrayList::toArray (60 bytes)
Event: 349.601 Thread 0x000000005689a000 nmethod 3382 0x00000000038c0a90 code [0x00000000038c0be0, 0x00000000038c1198]

GC Heap History (10 events):
Event: 4.952 GC heap before
{Heap before GC invocations=8 (full 1):
 PSYoungGen      total 123392K, used 114176K [0x00000000f7b00000, 0x0000000100000000, 0x0000000100000000)
  eden space 114176K, 100% used [0x00000000f7b00000,0x00000000fea80000,0x00000000fea80000)
  from space 9216K, 0% used [0x00000000ff400000,0x00000000ff400000,0x00000000ffd00000)
  to   space 9728K, 0% used [0x00000000fea80000,0x00000000fea80000,0x00000000ff400000)
 ParOldGen       total 85504K, used 7328K [0x00000000e7000000, 0x00000000ec380000, 0x00000000f7b00000)
  object space 85504K, 8% used [0x00000000e7000000,0x00000000e77283a0,0x00000000ec380000)
 Metaspace       used 26180K, capacity 26450K, committed 26880K, reserved 1073152K
  class space    used 3647K, capacity 3716K, committed 3840K, reserved 1048576K
Event: 4.959 GC heap after
Heap after GC invocations=8 (full 1):
 PSYoungGen      total 123904K, used 7657K [0x00000000f7b00000, 0x0000000100000000, 0x0000000100000000)
  eden space 114176K, 0% used [0x00000000f7b00000,0x00000000f7b00000,0x00000000fea80000)
  from space 9728K, 78% used [0x00000000fea80000,0x00000000ff1fa690,0x00000000ff400000)
  to   space 10240K, 0% used [0x00000000ff600000,0x00000000ff600000,0x0000000100000000)
 ParOldGen       total 85504K, used 7328K [0x00000000e7000000, 0x00000000ec380000, 0x00000000f7b00000)
  object space 85504K, 8% used [0x00000000e7000000,0x00000000e77283a0,0x00000000ec380000)
 Metaspace       used 26180K, capacity 26450K, committed 26880K, reserved 1073152K
  class space    used 3647K, capacity 3716K, committed 3840K, reserved 1048576K
}
Event: 13.270 GC heap before
{Heap before GC invocations=9 (full 1):
 PSYoungGen      total 123904K, used 121833K [0x00000000f7b00000, 0x0000000100000000, 0x0000000100000000)
  eden space 114176K, 100% used [0x00000000f7b00000,0x00000000fea80000,0x00000000fea80000)
  from space 9728K, 78% used [0x00000000fea80000,0x00000000ff1fa690,0x00000000ff400000)
  to   space 10240K, 0% used [0x00000000ff600000,0x00000000ff600000,0x0000000100000000)
 ParOldGen       total 85504K, used 7328K [0x00000000e7000000, 0x00000000ec380000, 0x00000000f7b00000)
  object space 85504K, 8% used [0x00000000e7000000,0x00000000e77283a0,0x00000000ec380000)
 Metaspace       used 28675K, capacity 28896K, committed 29184K, reserved 1075200K
  class space    used 3955K, capacity 4037K, committed 4096K, reserved 1048576K
Event: 13.274 GC heap after
Heap after GC invocations=9 (full 1):
 PSYoungGen      total 125952K, used 5598K [0x00000000f7b00000, 0x00000000fff80000, 0x0000000100000000)
  eden space 116224K, 0% used [0x00000000f7b00000,0x00000000f7b00000,0x00000000fec80000)
  from space 9728K, 57% used [0x00000000ff600000,0x00000000ffb77b50,0x00000000fff80000)
  to   space 9728K, 0% used [0x00000000fec80000,0x00000000fec80000,0x00000000ff600000)
 ParOldGen       total 85504K, used 7336K [0x00000000e7000000, 0x00000000ec380000, 0x00000000f7b00000)
  object space 85504K, 8% used [0x00000000e7000000,0x00000000e772a3a0,0x00000000ec380000)
 Metaspace       used 28675K, capacity 28896K, committed 29184K, reserved 1075200K
  class space    used 3955K, capacity 4037K, committed 4096K, reserved 1048576K
}
Event: 13.853 GC heap before
{Heap before GC invocations=10 (full 1):
 PSYoungGen      total 125952K, used 121822K [0x00000000f7b00000, 0x00000000fff80000, 0x0000000100000000)
  eden space 116224K, 100% used [0x00000000f7b00000,0x00000000fec80000,0x00000000fec80000)
  from space 9728K, 57% used [0x00000000ff600000,0x00000000ffb77b50,0x00000000fff80000)
  to   space 9728K, 0% used [0x00000000fec80000,0x00000000fec80000,0x00000000ff600000)
 ParOldGen       total 85504K, used 7336K [0x00000000e7000000, 0x00000000ec380000, 0x00000000f7b00000)
  object space 85504K, 8% used [0x00000000e7000000,0x00000000e772a3a0,0x00000000ec380000)
 Metaspace       used 29549K, capacity 29888K, committed 30336K, reserved 1075200K
  class space    used 4038K, capacity 4133K, committed 4224K, reserved 1048576K
Event: 13.859 GC heap after
Heap after GC invocations=10 (full 1):
 PSYoungGen      total 125952K, used 6461K [0x00000000f7b00000, 0x0000000100000000, 0x0000000100000000)
  eden space 116224K, 0% used [0x00000000f7b00000,0x00000000f7b00000,0x00000000fec80000)
  from space 9728K, 66% used [0x00000000fec80000,0x00000000ff2cf4f0,0x00000000ff600000)
  to   space 9728K, 0% used [0x00000000ff680000,0x00000000ff680000,0x0000000100000000)
 ParOldGen       total 85504K, used 7344K [0x00000000e7000000, 0x00000000ec380000, 0x00000000f7b00000)
  object space 85504K, 8% used [0x00000000e7000000,0x00000000e772c3a0,0x00000000ec380000)
 Metaspace       used 29549K, capacity 29888K, committed 30336K, reserved 1075200K
  class space    used 4038K, capacity 4133K, committed 4224K, reserved 1048576K
}
Event: 14.415 GC heap before
{Heap before GC invocations=11 (full 1):
 PSYoungGen      total 125952K, used 122685K [0x00000000f7b00000, 0x0000000100000000, 0x0000000100000000)
  eden space 116224K, 100% used [0x00000000f7b00000,0x00000000fec80000,0x00000000fec80000)
  from space 9728K, 66% used [0x00000000fec80000,0x00000000ff2cf4f0,0x00000000ff600000)
  to   space 9728K, 0% used [0x00000000ff680000,0x00000000ff680000,0x0000000100000000)
 ParOldGen       total 85504K, used 7344K [0x00000000e7000000, 0x00000000ec380000, 0x00000000f7b00000)
  object space 85504K, 8% used [0x00000000e7000000,0x00000000e772c3a0,0x00000000ec380000)
 Metaspace       used 32777K, capacity 33069K, committed 33280K, reserved 1079296K
  class space    used 4235K, capacity 4318K, committed 4352K, reserved 1048576K
Event: 14.418 GC heap after
Heap after GC invocations=11 (full 1):
 PSYoungGen      total 125440K, used 1699K [0x00000000f7b00000, 0x0000000100000000, 0x0000000100000000)
  eden space 115712K, 0% used [0x00000000f7b00000,0x00000000f7b00000,0x00000000fec00000)
  from space 9728K, 17% used [0x00000000ff680000,0x00000000ff828c20,0x0000000100000000)
  to   space 10240K, 0% used [0x00000000fec00000,0x00000000fec00000,0x00000000ff600000)
 ParOldGen       total 85504K, used 11603K [0x00000000e7000000, 0x00000000ec380000, 0x00000000f7b00000)
  object space 85504K, 13% used [0x00000000e7000000,0x00000000e7b54c20,0x00000000ec380000)
 Metaspace       used 32777K, capacity 33069K, committed 33280K, reserved 1079296K
  class space    used 4235K, capacity 4318K, committed 4352K, reserved 1048576K
}
Event: 15.245 GC heap before
{Heap before GC invocations=12 (full 1):
 PSYoungGen      total 125440K, used 117411K [0x00000000f7b00000, 0x0000000100000000, 0x0000000100000000)
  eden space 115712K, 100% used [0x00000000f7b00000,0x00000000fec00000,0x00000000fec00000)
  from space 9728K, 17% used [0x00000000ff680000,0x00000000ff828c20,0x0000000100000000)
  to   space 10240K, 0% used [0x00000000fec00000,0x00000000fec00000,0x00000000ff600000)
 ParOldGen       total 85504K, used 11603K [0x00000000e7000000, 0x00000000ec380000, 0x00000000f7b00000)
  object space 85504K, 13% used [0x00000000e7000000,0x00000000e7b54c20,0x00000000ec380000)
 Metaspace       used 33580K, capacity 33939K, committed 34176K, reserved 1079296K
  class space    used 4329K, capacity 4415K, committed 4480K, reserved 1048576K
Event: 15.247 GC heap after
Heap after GC invocations=12 (full 1):
 PSYoungGen      total 125952K, used 3037K [0x00000000f7b00000, 0x0000000100000000, 0x0000000100000000)
  eden space 115712K, 0% used [0x00000000f7b00000,0x00000000f7b00000,0x00000000fec00000)
  from space 10240K, 29% used [0x00000000fec00000,0x00000000feef7480,0x00000000ff600000)
  to   space 10240K, 0% used [0x00000000ff600000,0x00000000ff600000,0x0000000100000000)
 ParOldGen       total 85504K, used 11946K [0x00000000e7000000, 0x00000000ec380000, 0x00000000f7b00000)
  object space 85504K, 13% used [0x00000000e7000000,0x00000000e7baaa30,0x00000000ec380000)
 Metaspace       used 33580K, capacity 33939K, committed 34176K, reserved 1079296K
  class space    used 4329K, capacity 4415K, committed 4480K, reserved 1048576K
}

Deoptimization events (10 events):
Event: 16.678 Thread 0x00000000682f7800 Uncommon trap: reason=unhandled action=none pc=0x0000000003a8936c method=sun.net.www.protocol.jar.JarURLConnection.connect()V @ 140
Event: 16.678 Thread 0x00000000682f7800 Uncommon trap: reason=unhandled action=none pc=0x0000000003a8936c method=sun.net.www.protocol.jar.JarURLConnection.connect()V @ 140
Event: 16.678 Thread 0x00000000682f7800 Uncommon trap: reason=unhandled action=none pc=0x0000000003a8936c method=sun.net.www.protocol.jar.JarURLConnection.connect()V @ 140
Event: 16.678 Thread 0x00000000682f7800 Uncommon trap: reason=unhandled action=none pc=0x0000000003a8936c method=sun.net.www.protocol.jar.JarURLConnection.connect()V @ 140
Event: 16.678 Thread 0x00000000682f7800 Uncommon trap: reason=unhandled action=none pc=0x0000000003a8936c method=sun.net.www.protocol.jar.JarURLConnection.connect()V @ 140
Event: 16.678 Thread 0x00000000682f7800 Uncommon trap: reason=unhandled action=none pc=0x0000000003a8936c method=sun.net.www.protocol.jar.JarURLConnection.connect()V @ 140
Event: 16.678 Thread 0x00000000682f7800 Uncommon trap: reason=unhandled action=none pc=0x0000000003a8936c method=sun.net.www.protocol.jar.JarURLConnection.connect()V @ 140
Event: 16.678 Thread 0x00000000682f7800 Uncommon trap: reason=unhandled action=none pc=0x0000000003a8936c method=sun.net.www.protocol.jar.JarURLConnection.connect()V @ 140
Event: 16.678 Thread 0x00000000682f7800 Uncommon trap: reason=unhandled action=none pc=0x0000000003a8936c method=sun.net.www.protocol.jar.JarURLConnection.connect()V @ 140
Event: 16.678 Thread 0x00000000682f7800 Uncommon trap: reason=unhandled action=none pc=0x0000000003a8936c method=sun.net.www.protocol.jar.JarURLConnection.connect()V @ 140

Internal exceptions (10 events):
Event: 4.725 Thread 0x00000000678b6800 Exception <a 'java/lang/ArrayIndexOutOfBoundsException'> (0x00000000fd1f1360) thrown at [D:\re\puppet\workspace\8-2-build-windows-amd64-cygwin\jdk8u73\6086\hotspot\src\share\vm\runtime\sharedRuntime.cpp, line 605]
Event: 4.726 Thread 0x00000000678b6800 Exception <a 'java/lang/ArrayIndexOutOfBoundsException'> (0x00000000fd215f60) thrown at [D:\re\puppet\workspace\8-2-build-windows-amd64-cygwin\jdk8u73\6086\hotspot\src\share\vm\runtime\sharedRuntime.cpp, line 605]
Event: 4.728 Thread 0x00000000678b6800 Exception <a 'java/lang/ClassNotFoundException': javax/swing/text/JTextComponentCustomizer> (0x00000000fd269bb8) thrown at [D:\re\puppet\workspace\8-2-build-windows-amd64-cygwin\jdk8u73\6086\hotspot\src\share\vm\classfile\systemDictionary.cpp, line 210]
Event: 4.731 Thread 0x00000000678b6800 Exception <a 'java/lang/ClassNotFoundException': javax/swing/JTextFieldCustomizer> (0x00000000fd2cf038) thrown at [D:\re\puppet\workspace\8-2-build-windows-amd64-cygwin\jdk8u73\6086\hotspot\src\share\vm\classfile\systemDictionary.cpp, line 210]
Event: 4.734 Thread 0x00000000678b6800 Exception <a 'java/lang/ClassNotFoundException': javax/swing/JFormattedTextFieldCustomizer> (0x00000000fd30dc48) thrown at [D:\re\puppet\workspace\8-2-build-windows-amd64-cygwin\jdk8u73\6086\hotspot\src\share\vm\classfile\systemDictionary.cpp, line 210]
Event: 5.278 Thread 0x00000000678b6800 Exception <a 'java/lang/ClassNotFoundException': repast/simphony/ui/parameters/ParameterValueModelBeanInfo> (0x00000000fab3aa28) thrown at [D:\re\puppet\workspace\8-2-build-windows-amd64-cygwin\jdk8u73\6086\hotspot\src\share\vm\classfile\systemDictionary.c
Event: 5.283 Thread 0x00000000678b6800 Exception <a 'java/lang/ClassNotFoundException': repast/simphony/ui/parameters/ParameterValueModelCustomizer> (0x00000000fac86190) thrown at [D:\re\puppet\workspace\8-2-build-windows-amd64-cygwin\jdk8u73\6086\hotspot\src\share\vm\classfile\systemDictionary/çÛib<+@
Event: 13.618 Thread 0x00000000678b6800 Implicit null exception at 0x0000000003bb4674 to 0x0000000003bb5259
Event: 15.021 Thread 0x00000000678b6800 Exception <a 'java/lang/InterruptedException'> (0x00000000f8825620) thrown at [D:\re\puppet\workspace\8-2-build-windows-amd64-cygwin\jdk8u73\6086\hotspot\src\share\vm\runtime\objectMonitor.cpp, line 1683]
Event: 15.461 Thread 0x00000000678b6800 Exception <a 'java/lang/reflect/InvocationTargetException'> (0x00000000fa369f30) thrown at [D:\re\puppet\workspace\8-2-build-windows-amd64-cygwin\jdk8u73\6086\hotspot\src\share\vm\runtime\reflection.cpp, line 1092]

Events (10 events):
Event: 441.941 Executing VM operation: GetCurrentLocation
Event: 441.941 Executing VM operation: GetCurrentLocation done
Event: 441.941 Executing VM operation: EnterInterpOnlyMode
Event: 441.941 Executing VM operation: EnterInterpOnlyMode done
Event: 441.941 Executing VM operation: ChangeSingleStep
Event: 441.941 Executing VM operation: ChangeSingleStep done
Event: 441.941 Executing VM operation: ChangeSingleStep
Event: 441.941 Executing VM operation: ChangeSingleStep done
Event: 441.946 Executing VM operation: RedefineClasses
Event: 441.959 Executing VM operation: RedefineClasses done


Dynamic libraries:
0x000000013fd60000 - 0x000000013fd97000 	C:\Program Files\Java\jre1.8.0_73\bin\javaw.exe
0x0000000077b50000 - 0x0000000077cfa000 	C:\Windows\SYSTEM32\ntdll.dll
0x0000000077a30000 - 0x0000000077b4f000 	C:\Windows\system32\kernel32.dll
0x000007fefdbd0000 - 0x000007fefdc3b000 	C:\Windows\system32\KERNELBASE.dll
0x000007fefe250000 - 0x000007fefe32b000 	C:\Windows\system32\ADVAPI32.dll
0x000007feff470000 - 0x000007feff50f000 	C:\Windows\system32\msvcrt.dll
0x000007feffe40000 - 0x000007feffe5f000 	C:\Windows\SYSTEM32\sechost.dll
0x000007fefe330000 - 0x000007fefe45d000 	C:\Windows\system32\RPCRT4.dll
0x0000000077930000 - 0x0000000077a2a000 	C:\Windows\system32\USER32.dll
0x000007feff880000 - 0x000007feff8e7000 	C:\Windows\system32\GDI32.dll
0x000007fefdf20000 - 0x000007fefdf2e000 	C:\Windows\system32\LPK.dll
0x000007feff2c0000 - 0x000007feff38a000 	C:\Windows\system32\USP10.dll
0x000007fefc2e0000 - 0x000007fefc4d4000 	C:\Windows\WinSxS\amd64_microsoft.windows.common-controls_6595b64144ccf1df_6.0.7601.18837_none_fa3b1e3d17594757\COMCTL32.dll
0x000007feff3f0000 - 0x000007feff461000 	C:\Windows\system32\SHLWAPI.dll
0x000007fefe500000 - 0x000007fefe52e000 	C:\Windows\system32\IMM32.DLL
0x000007fefe140000 - 0x000007fefe249000 	C:\Windows\system32\MSCTF.dll
0x000000005b880000 - 0x000000005b952000 	C:\Program Files\Java\jre1.8.0_73\bin\msvcr100.dll
0x0000000072870000 - 0x0000000073100000 	C:\Program Files\Java\jre1.8.0_73\bin\server\jvm.dll
0x000007fef8900000 - 0x000007fef8909000 	C:\Windows\system32\WSOCK32.dll
0x000007feffbc0000 - 0x000007feffc0d000 	C:\Windows\system32\WS2_32.dll
0x000007feffdb0000 - 0x000007feffdb8000 	C:\Windows\system32\NSI.dll
0x000007fefac90000 - 0x000007fefaccb000 	C:\Windows\system32\WINMM.dll
0x000007fefc9a0000 - 0x000007fefc9ac000 	C:\Windows\system32\VERSION.dll
0x0000000077d10000 - 0x0000000077d17000 	C:\Windows\system32\PSAPI.DLL
0x0000000072780000 - 0x000000007278f000 	C:\Program Files\Java\jre1.8.0_73\bin\verify.dll
0x0000000072750000 - 0x0000000072779000 	C:\Program Files\Java\jre1.8.0_73\bin\java.dll
0x000000005ba40000 - 0x000000005ba75000 	C:\Program Files\Java\jre1.8.0_73\bin\jdwp.dll
0x000000006be10000 - 0x000000006be18000 	C:\Program Files\Java\jre1.8.0_73\bin\npt.dll
0x0000000072730000 - 0x0000000072746000 	C:\Program Files\Java\jre1.8.0_73\bin\zip.dll
0x000007fefe530000 - 0x000007feff2bc000 	C:\Windows\system32\SHELL32.dll
0x000007fefdf30000 - 0x000007fefe133000 	C:\Windows\system32\ole32.dll
0x000007fefd8d0000 - 0x000007fefd8df000 	C:\Windows\system32\profapi.dll
0x000000006b260000 - 0x000000006b269000 	C:\Program Files\Java\jre1.8.0_73\bin\dt_socket.dll
0x000007fefb6b0000 - 0x000007fefb6c5000 	C:\Windows\system32\NLAapi.dll
0x000007fee0020000 - 0x000007fee0035000 	C:\Windows\system32\napinsp.dll
0x000007fee0040000 - 0x000007fee0059000 	C:\Windows\system32\pnrpnsp.dll
0x000007fefd050000 - 0x000007fefd0a5000 	C:\Windows\System32\mswsock.dll
0x000007fefcee0000 - 0x000007fefcf3b000 	C:\Windows\system32\DNSAPI.dll
0x000007fedfb80000 - 0x000007fedfb8b000 	C:\Windows\System32\winrnr.dll
0x000007fefab10000 - 0x000007fefab37000 	C:\Windows\system32\IPHLPAPI.DLL
0x000007fefab00000 - 0x000007fefab0b000 	C:\Windows\system32\WINNSI.DLL
0x000007fefa160000 - 0x000007fefa1b3000 	C:\Windows\System32\fwpuclnt.dll
0x000007fef99f0000 - 0x000007fef99f8000 	C:\Windows\system32\rasadhlp.dll
0x000007fefca70000 - 0x000007fefca77000 	C:\Windows\System32\wshtcpip.dll
0x000000006cfd0000 - 0x000000006d168000 	C:\Program Files\Java\jre1.8.0_73\bin\awt.dll
0x000007feffc30000 - 0x000007feffd08000 	C:\Windows\system32\OLEAUT32.dll
0x000007fefbe70000 - 0x000007fefbec6000 	C:\Windows\system32\uxtheme.dll
0x000007fefba90000 - 0x000007fefbaa8000 	C:\Windows\system32\dwmapi.dll
0x000007fefd770000 - 0x000007fefd77f000 	C:\Windows\system32\CRYPTBASE.dll
0x000007fef0e60000 - 0x000007fef105f000 	C:\Windows\system32\d3d9.dll
0x000007fef2af0000 - 0x000007fef2af7000 	C:\Windows\system32\d3d8thk.dll
0x000007fee9d00000 - 0x000007feead2c000 	C:\Windows\system32\nvd3dumx.dll
0x000007fef7eb0000 - 0x000007fef8086000 	C:\Windows\system32\nvspcap64.dll
0x000007feff6a0000 - 0x000007feff877000 	C:\Windows\system32\SETUPAPI.dll
0x000007fefdc50000 - 0x000007fefdc86000 	C:\Windows\system32\CFGMGR32.dll
0x000007fefd9d0000 - 0x000007fefd9ea000 	C:\Windows\system32\DEVOBJ.dll
0x000007fef7da0000 - 0x000007fef7e11000 	C:\Windows\system32\WINHTTP.dll
0x000007fef7d30000 - 0x000007fef7d94000 	C:\Windows\system32\webio.dll
0x000007fefa640000 - 0x000007fefa9e0000 	C:\Windows\system32\nvapi64.dll
0x000007fefd6e0000 - 0x000007fefd705000 	C:\Windows\system32\SspiCli.dll
0x000007fefc970000 - 0x000007fefc99c000 	C:\Windows\system32\powrprof.dll
0x000007fee61e0000 - 0x000007fee62c1000 	C:\Program Files (x86)\NVIDIA Corporation\3D Vision\nvSCPAPI64.dll
0x0000000012870000 - 0x00000000128b7000 	C:\Program Files\Java\jre1.8.0_73\bin\fontmanager.dll
0x0000000002290000 - 0x00000000022aa000 	C:\Program Files\Java\jre1.8.0_73\bin\net.dll
0x000007fefd100000 - 0x000007fefd107000 	C:\Windows\System32\wship6.dll
0x00000000022b0000 - 0x00000000022c1000 	C:\Program Files\Java\jre1.8.0_73\bin\nio.dll
0x000007fefd300000 - 0x000007fefd318000 	C:\Windows\system32\CRYPTSP.dll
0x000007fefcdc0000 - 0x000007fefce07000 	C:\Windows\system32\rsaenh.dll
0x000007fefdbb0000 - 0x000007fefdbce000 	C:\Windows\system32\USERENV.dll
0x000007fefa080000 - 0x000007fefa098000 	C:\Windows\system32\dhcpcsvc.DLL
0x000007fefa0e0000 - 0x000007fefa0f1000 	C:\Windows\system32\dhcpcsvc6.DLL
0x000007fefaa60000 - 0x000007fefab00000 	C:\Windows\WinSxS\amd64_microsoft.windows.common-controls_6595b64144ccf1df_5.82.7601.18837_none_a4d981ff711297b6\comctl32.dll
0x00000000551f0000 - 0x0000000055232000 	C:\Program Files\Java\jre1.8.0_73\bin\t2k.dll
0x000007fefe460000 - 0x000007fefe4f9000 	C:\Windows\system32\CLBCatQ.DLL
0x000007fefb8e0000 - 0x000007fefba41000 	C:\Windows\system32\WindowsCodecs.dll
0x000007fefd710000 - 0x000007fefd767000 	C:\Windows\system32\apphelp.dll
0x000007fef7cf0000 - 0x000007fef7d2b000 	C:\Program Files (x86)\Dropbox\Client\DropboxExt64.33.dll
0x000007fef7c90000 - 0x000007fef7ce6000 	C:\Users\Michal\AppData\Local\Microsoft\OneDrive\17.3.4604.0120\amd64\FileSyncShell64.dll
0x000007fef7be0000 - 0x000007fef7c87000 	C:\Users\Michal\AppData\Local\Microsoft\OneDrive\17.3.4604.0120\amd64\MSVCP110.dll
0x000007fef7b10000 - 0x000007fef7bde000 	C:\Users\Michal\AppData\Local\Microsoft\OneDrive\17.3.4604.0120\amd64\MSVCR110.dll
0x000007fefdc90000 - 0x000007fefdf13000 	C:\Windows\system32\WININET.dll
0x000007fefd9b0000 - 0x000007fefd9b4000 	C:\Windows\system32\api-ms-win-downlevel-user32-l1-1-0.dll
0x000007fefd9c0000 - 0x000007fefd9c4000 	C:\Windows\system32\api-ms-win-downlevel-shlwapi-l1-1-0.dll
0x000007fefdba0000 - 0x000007fefdba4000 	C:\Windows\system32\api-ms-win-downlevel-version-l1-1-0.dll
0x000007fefd8f0000 - 0x000007fefd8f3000 	C:\Windows\system32\api-ms-win-downlevel-normaliz-l1-1-0.dll
0x0000000077d20000 - 0x0000000077d23000 	C:\Windows\system32\normaliz.DLL
0x000007feff8f0000 - 0x000007feffbb8000 	C:\Windows\system32\iertutil.dll
0x000007fefdc40000 - 0x000007fefdc45000 	C:\Windows\system32\api-ms-win-downlevel-advapi32-l1-1-0.dll
0x0000000012740000 - 0x000000001274d000 	C:\Users\Michal\AppData\Local\Temp\jogamp_0000\file_cache\jln6156864615243362261\jln1299655950426777365\gluegen-rt.dll
0x00000000551d0000 - 0x00000000551d7000 	C:\Program Files\Java\jre1.8.0_73\bin\jawt.dll
0x0000000055270000 - 0x000000005527d000 	C:\Users\Michal\AppData\Local\Temp\jogamp_0000\file_cache\jln6156864615243362261\jln1299655950426777365\nativewindow_awt.dll
0x0000000055e60000 - 0x0000000055e6f000 	C:\Users\Michal\AppData\Local\Temp\jogamp_0000\file_cache\jln6156864615243362261\jln1299655950426777365\nativewindow_win32.dll
0x000007fece230000 - 0x000007fece34d000 	C:\Windows\system32\OpenGL32.dll
0x000007fee1b90000 - 0x000007fee1bbd000 	C:\Windows\system32\GLU32.dll
0x000007fee1a90000 - 0x000007fee1b81000 	C:\Windows\system32\DDRAW.dll
0x000007fef52f0000 - 0x000007fef52f8000 	C:\Windows\system32\DCIMAN32.dll
0x000000005b960000 - 0x000000005ba02000 	C:\Users\Michal\AppData\Local\Temp\jogamp_0000\file_cache\jln6156864615243362261\jln1299655950426777365\jogl_desktop.dll
0x0000000074ba0000 - 0x0000000076971000 	C:\Windows\system32\nvoglv64.DLL
0x000007fefcb30000 - 0x000007fefcb41000 	C:\Windows\system32\WTSAPI32.dll
0x000007fef3e70000 - 0x000007fef3f95000 	C:\Windows\system32\dbghelp.dll
0x000007fefdb60000 - 0x000007fefdb9b000 	C:\Windows\system32\WINTRUST.dll
0x000007fefd9f0000 - 0x000007fefdb5d000 	C:\Windows\system32\CRYPT32.dll
0x000007fefd8e0000 - 0x000007fefd8ef000 	C:\Windows\system32\MSASN1.dll
0x000007fefbf00000 - 0x000007fefbf2d000 	C:\Windows\system32\ntmarta.dll
0x000007feff390000 - 0x000007feff3e2000 	C:\Windows\system32\WLDAP32.dll
0x000007fefd0b0000 - 0x000007fefd0ed000 	C:\Windows\system32\WINSTA.dll

VM Arguments:
jvm_args: -agentlib:jdwp=transport=dt_socket,suspend=y,address=localhost:3676 -Xss10M -Xmx400M -Dfile.encoding=Cp1250 
java_command: repast.simphony.runtime.RepastMain F:\Studia\Sem8\MiSS\repository\MiSS/MiSS.rs
java_class_path (initial): F:\Studia\Sem8\MiSS\RepastSimphony-2.3.1\eclipse\plugins\org.codehaus.groovy_2.3.7.xx-201411061335-e44-RELEASE\lib\groovy-all-2.3.7.jar;F:\Studia\Sem8\MiSS\RepastSimphony-2.3.1\eclipse\plugins\org.codehaus.groovy_2.3.7.xx-201411061335-e44-RELEASE\lib\bsf-2.4.0.jar;F:\Studia\Sem8\MiSS\RepastSimphony-2.3.1\eclipse\plugins\org.codehaus.groovy_2.3.7.xx-201411061335-e44-RELEASE\lib\ivy-2.3.0-sources.jar;F:\Studia\Sem8\MiSS\RepastSimphony-2.3.1\eclipse\plugins\org.codehaus.groovy_2.3.7.xx-201411061335-e44-RELEASE\lib\ivy-2.3.0.jar;F:\Studia\Sem8\MiSS\RepastSimphony-2.3.1\eclipse\plugins\org.codehaus.groovy_2.3.7.xx-201411061335-e44-RELEASE\lib\servlet-api-2.4.jar;F:\Studia\Sem8\MiSS\RepastSimphony-2.3.1\eclipse\plugins\repast.simphony.runtime_2.3.1\bin;F:\Studia\Sem8\MiSS\RepastSimphony-2.3.1\eclipse\plugins\repast.simphony.runtime_2.3.1\lib\saf.core.runtime.jar;F:\Studia\Sem8\MiSS\RepastSimphony-2.3.1\eclipse\plugins\repast.simphony.runtime_2.3.1\lib\commons-logging-1.1.2.jar;F:\Studia\Sem8\MiSS\RepastSimphony-2.3.1\eclipse\plugins\repast.simphony.runtime_2.3.1\lib\javassist-3.17.1-GA.jar;F:\Studia\Sem8\MiSS\RepastSimphony-2.3.1\eclipse\plugins\repast.simphony.runtime_2.3.1\lib\jpf.jar;F:\Studia\Sem8\MiSS\RepastSimphony-2.3.1\eclipse\plugins\repast.simphony.runtime_2.3.1\lib\jpf-boot.jar;F:\Studia\Sem8\MiSS\RepastSimphony-2.3.1\eclipse\plugins\repast.simphony.runtime_2.3.1\lib\log4j-1.2.16.jar;F:\Studia\Sem8\MiSS\RepastSimphony-2.3.1\eclipse\plugins\repast.simphony.runtime_2.3.1\lib\xpp3_min-1.1.4c.jar;F:\Studia\Sem8\MiSS\RepastSimphony-2.3.1\eclipse\plugins\repast.simphony.runtime_2.3.1\lib\xstream-1.4.7.jar;F:\Studia\Sem8\MiSS\RepastSimphony-2.3.1\eclipse\plugins\repast.simphony.runtime_2.3.1\lib\xmlpull-1.1.3.1.jar;F:\Studia\Sem8\MiSS\RepastSimphony-2.3.1\eclipse\plugins\repast.simphony.runtime_2.3.1\lib\commons-cli-1.2.jar
Launcher Type: SUN_STANDARD

Environment Variables:
JAVA_HOME=c:\program files\java\jre1.8.0_73
USERNAME=Michal
OS=Windows_NT
PROCESSOR_IDENTIFIER=Intel64 Family 6 Model 60 Stepping 3, GenuineIntel



---------------  S Y S T E M  ---------------

OS: Windows 7 , 64 bit Build 7601 (6.1.7601.19160)

CPU:total 4 (4 cores per cpu, 1 threads per core) family 6 model 60 stepping 3, cmov, cx8, fxsr, mmx, sse, sse2, sse3, ssse3, sse4.1, sse4.2, popcnt, avx, avx2, aes, clmul, erms, lzcnt, tsc, tscinvbit, bmi1, bmi2

Memory: 4k page, physical 16725132k(8994108k free), swap 41432740k(31381444k free)

vm_info: Java HotSpot(TM) 64-Bit Server VM (25.73-b02) for windows-amd64 JRE (1.8.0_73-b02), built on Jan 29 2016 17:38:49 by "java_re" with MS VC++ 10.0 (VS2010)

time: Sun Mar 13 13:15:58 2016
elapsed time: 441 seconds (0d 0h 7m 21s)

