2016-03-17 15:59:09,062 - Velocimacro :  VM library template macro registration complete.
2016-03-17 15:59:09,062 - Velocimacro : allowInline = true : VMs can be defined inline in templates
2016-03-17 15:59:09,062 - Velocimacro : allowInlineToOverride = false : VMs defined inline may NOT replace previous VM definitions
2016-03-17 15:59:09,062 - Velocimacro : allowInlineLocal = false : VMs defined inline will be  global in scope if allowed.
2016-03-17 15:59:09,063 - Velocimacro : messages on  : VM system will output logging messages
2016-03-17 15:59:09,063 - Velocimacro : autoload off  : VM system will not automatically reload global library macros
2016-03-17 15:59:09,063 - Velocimacro : initialization complete.
2016-03-17 15:59:09,063 - Velocity successfully started.
2016-03-17 16:05:14,132 - SimpleLog4JLogSystem initialized using logfile 'velocity.log'
2016-03-17 16:05:14,132 - ************************************************************** 
2016-03-17 16:05:14,132 - Starting Jakarta Velocity v1.4
2016-03-17 16:05:14,132 - RuntimeInstance initializing.
2016-03-17 16:05:14,132 - Default Properties File: org\apache\velocity\runtime\defaults\velocity.properties
2016-03-17 16:05:14,133 - Trying to use logger class org.apache.velocity.runtime.log.SimpleLog4JLogSystem
2016-03-17 16:05:14,133 - Using logger class org.apache.velocity.runtime.log.SimpleLog4JLogSystem
2016-03-17 16:05:14,138 - Default ResourceManager initializing. (class org.apache.velocity.runtime.resource.ResourceManagerImpl)
2016-03-17 16:05:14,143 - Resource Loader Instantiated: org.apache.velocity.runtime.resource.loader.ClasspathResourceLoader
2016-03-17 16:05:14,143 - ClasspathResourceLoader : initialization starting.
2016-03-17 16:05:14,143 - ClasspathResourceLoader : initialization complete.
2016-03-17 16:05:14,147 - ResourceCache : initialized. (class org.apache.velocity.runtime.resource.ResourceCacheImpl)
2016-03-17 16:05:14,147 - Default ResourceManager initialization complete.
2016-03-17 16:05:14,151 - Loaded System Directive: org.apache.velocity.runtime.directive.Literal
2016-03-17 16:05:14,155 - Loaded System Directive: org.apache.velocity.runtime.directive.Macro
2016-03-17 16:05:14,161 - Loaded System Directive: org.apache.velocity.runtime.directive.Parse
2016-03-17 16:05:14,165 - Loaded System Directive: org.apache.velocity.runtime.directive.Include
2016-03-17 16:05:14,167 - Loaded System Directive: org.apache.velocity.runtime.directive.Foreach
2016-03-17 16:05:14,222 - Created: 20 parsers.
2016-03-17 16:05:14,246 - Velocimacro : initialization starting.
2016-03-17 16:05:14,246 - Velocimacro : adding VMs from VM library template : VM_global_library.vm
2016-03-17 16:05:14,262 - ResourceManager : unable to find resource 'VM_global_library.vm' in any resource loader.
2016-03-17 16:05:14,263 - Velocimacro : error using  VM library template VM_global_library.vm : org.apache.velocity.exception.ResourceNotFoundException: Unable to find resource 'VM_global_library.vm'
2016-03-17 16:05:14,263 - Velocimacro :  VM library template macro registration complete.
2016-03-17 16:05:14,263 - Velocimacro : allowInline = true : VMs can be defined inline in templates
2016-03-17 16:05:14,263 - Velocimacro : allowInlineToOverride = false : VMs defined inline may NOT replace previous VM definitions
2016-03-17 16:05:14,263 - Velocimacro : allowInlineLocal = false : VMs defined inline will be  global in scope if allowed.
2016-03-17 16:05:14,263 - Velocimacro : messages on  : VM system will output logging messages
2016-03-17 16:05:14,263 - Velocimacro : autoload off  : VM system will not automatically reload global library macros
2016-03-17 16:05:14,263 - Velocimacro : initialization complete.
2016-03-17 16:05:14,263 - Velocity successfully started.
